<?xml version="1.0" encoding="UTF-8"?>
<!-- Generated by org.testng.reporters.JUnitReportReporter -->
<testsuite hostname="Apples-MBP-2" failures="0" tests="1" name="general.Invite_Crew" time="51.231" errors="0" timestamp="2024-02-02T16:29:24 IST" skipped="0">
  <testcase classname="general.Invite_Crew" name="sent_invite" time="51.231"/>
  <system-out/>
</testsuite> <!-- general.Invite_Crew -->
