<?xml version="1.0" encoding="UTF-8"?>
<!-- Generated by org.testng.reporters.JUnitReportReporter -->
<testsuite hostname="Apples-MBP-2" failures="0" tests="1" name="general.More_Module" time="29.430" errors="0" timestamp="2024-02-01T18:27:36 IST" skipped="0">
  <testcase classname="general.More_Module" name="Expense_category" time="29.430"/>
  <system-out/>
</testsuite> <!-- general.More_Module -->
