<?xml version="1.0" encoding="UTF-8"?>
<!-- Generated by org.testng.reporters.JUnitReportReporter -->
<testsuite hostname="Apples-MBP-2" failures="0" tests="1" name="general.Linking_Transactions" time="0.000" errors="0" timestamp="2024-02-02T16:49:12 IST" skipped="1">
  <testcase classname="general.Linking_Transactions" name="Link_Invoice" time="0.000">
    <skipped/>
  </testcase> <!-- Link_Invoice -->
  <system-out/>
</testsuite> <!-- general.Linking_Transactions -->
