<?xml version="1.0" encoding="UTF-8"?>
<!-- Generated by org.testng.reporters.JUnitReportReporter -->
<testsuite hostname="Apples-MBP-2" failures="0" tests="1" name="general.Setting_Yacht" time="21.022" errors="0" timestamp="2024-02-02T16:29:24 IST" skipped="0">
  <testcase classname="general.Setting_Yacht" name="Sync_data" time="21.022"/>
  <system-out/>
</testsuite> <!-- general.Setting_Yacht -->
