<?xml version="1.0" encoding="UTF-8"?>
<!-- Generated by org.testng.reporters.JUnitReportReporter -->
<testsuite hostname="Apples-MBP-2" failures="0" tests="1" name="general.Invite_Crew" time="52.119" errors="0" timestamp="2024-02-06T16:22:39 IST" skipped="0">
  <testcase classname="general.Invite_Crew" name="sent_invite" time="52.119"/>
  <system-out/>
</testsuite> <!-- general.Invite_Crew -->
