<?xml version="1.0" encoding="UTF-8"?>
<!-- Generated by org.testng.reporters.JUnitReportReporter -->
<testsuite hostname="Apples-MBP-2" failures="0" tests="2" name="general.Setting_Preference" time="56.818" errors="0" timestamp="2024-02-02T16:29:24 IST" skipped="0">
  <testcase classname="general.Setting_Preference" name="Preference" time="25.029"/>
  <system-out/>
  <testcase classname="general.Setting_Preference" name="Update_mydetails" time="31.789"/>
  <system-out/>
</testsuite> <!-- general.Setting_Preference -->
