<?xml version="1.0" encoding="UTF-8"?>
<!-- Generated by org.testng.reporters.JUnitReportReporter -->
<testsuite hostname="Apples-MBP-2" failures="0" tests="1" name="general.Invite_Crew" time="0.000" errors="0" timestamp="2024-02-05T15:44:14 IST" skipped="1">
  <testcase classname="general.Invite_Crew" name="sent_invite" time="0.000">
    <skipped/>
  </testcase> <!-- sent_invite -->
  <system-out/>
</testsuite> <!-- general.Invite_Crew -->
