<?xml version="1.0" encoding="UTF-8"?>
<!-- Generated by org.testng.reporters.JUnitReportReporter -->
<testsuite hostname="Apples-MBP-2" failures="0" tests="1" name="general.Invite_Crew" time="46.239" errors="0" timestamp="2024-02-14T11:03:00 IST" skipped="0">
  <testcase classname="general.Invite_Crew" name="Sent_invite" time="46.239"/>
  <system-out/>
</testsuite> <!-- general.Invite_Crew -->
