<?xml version="1.0" encoding="UTF-8"?>
<!-- Generated by org.testng.reporters.JUnitReportReporter -->
<testsuite hostname="Apples-MBP-2" failures="0" tests="1" name="general.Add_Location" time="39.958" errors="0" timestamp="2024-02-02T16:29:24 IST" skipped="0">
  <testcase classname="general.Add_Location" name="Update_location" time="39.958"/>
  <system-out/>
</testsuite> <!-- general.Add_Location -->
